{"/home/igor/Desktop/TRYBE/projetos/FrontEnd/sd-027-b-project-starwars-planets-search/src/App.css": {"path":"/home/igor/Desktop/TRYBE/projetos/FrontEnd/sd-027-b-project-starwars-planets-search/src/App.css","statementMap":{"0":{"start":{"line":1,"column":0},"end":{"line":1,"column":20}}},"fnMap":{},"branchMap":{},"s":{"0":1},"f":{},"b":{},"inputSourceMap":null,"_coverageSchema":"1a1c01bbd47fc00a2c39e90264f33305004495a9","hash":"032a18792c9cca38835d8ae474da53ca84119c63"}
,"/home/igor/Desktop/TRYBE/projetos/FrontEnd/sd-027-b-project-starwars-planets-search/src/App.js": {"path":"/home/igor/Desktop/TRYBE/projetos/FrontEnd/sd-027-b-project-starwars-planets-search/src/App.js","statementMap":{"0":{"start":{"line":7,"column":2},"end":{"line":13,"column":4}}},"fnMap":{"0":{"name":"App","decl":{"start":{"line":6,"column":9},"end":{"line":6,"column":12}},"loc":{"start":{"line":6,"column":15},"end":{"line":14,"column":1}},"line":6}},"branchMap":{},"s":{"0":20},"f":{"0":20},"b":{},"_coverageSchema":"1a1c01bbd47fc00a2c39e90264f33305004495a9","hash":"2817f762dbc6d2ce28c09bff02fddf325f4afe42"}
,"/home/igor/Desktop/TRYBE/projetos/FrontEnd/sd-027-b-project-starwars-planets-search/src/components/FilteredRefs.jsx": {"path":"/home/igor/Desktop/TRYBE/projetos/FrontEnd/sd-027-b-project-starwars-planets-search/src/components/FilteredRefs.jsx","statementMap":{"0":{"start":{"line":9,"column":6},"end":{"line":9,"column":32}},"1":{"start":{"line":11,"column":2},"end":{"line":57,"column":4}},"2":{"start":{"line":15,"column":10},"end":{"line":36,"column":16}},"3":{"start":{"line":29,"column":30},"end":{"line":29,"column":46}},"4":{"start":{"line":30,"column":16},"end":{"line":30,"column":39}},"5":{"start":{"line":31,"column":16},"end":{"line":31,"column":38}},"6":{"start":{"line":45,"column":12},"end":{"line":45,"column":31}},"7":{"start":{"line":46,"column":12},"end":{"line":48,"column":81}}},"fnMap":{"0":{"name":"FilteredRefs","decl":{"start":{"line":4,"column":24},"end":{"line":4,"column":36}},"loc":{"start":{"line":4,"column":39},"end":{"line":58,"column":1}},"line":4},"1":{"name":"(anonymous_1)","decl":{"start":{"line":14,"column":25},"end":{"line":14,"column":26}},"loc":{"start":{"line":15,"column":10},"end":{"line":36,"column":16}},"line":15},"2":{"name":"(anonymous_2)","decl":{"start":{"line":28,"column":24},"end":{"line":28,"column":25}},"loc":{"start":{"line":28,"column":30},"end":{"line":32,"column":15}},"line":28},"3":{"name":"(anonymous_3)","decl":{"start":{"line":44,"column":20},"end":{"line":44,"column":21}},"loc":{"start":{"line":44,"column":26},"end":{"line":49,"column":11}},"line":44}},"branchMap":{},"s":{"0":47,"1":47,"2":3,"3":0,"4":0,"5":0,"6":0,"7":0},"f":{"0":47,"1":3,"2":0,"3":0},"b":{},"_coverageSchema":"1a1c01bbd47fc00a2c39e90264f33305004495a9","hash":"7bbe16ec4080f8593f2f98ad71a726928fedea68"}
,"/home/igor/Desktop/TRYBE/projetos/FrontEnd/sd-027-b-project-starwars-planets-search/src/components/Table.css": {"path":"/home/igor/Desktop/TRYBE/projetos/FrontEnd/sd-027-b-project-starwars-planets-search/src/components/Table.css","statementMap":{"0":{"start":{"line":1,"column":0},"end":{"line":1,"column":20}}},"fnMap":{},"branchMap":{},"s":{"0":1},"f":{},"b":{},"inputSourceMap":null,"_coverageSchema":"1a1c01bbd47fc00a2c39e90264f33305004495a9","hash":"c56b67225d21d3982652cb995565cf567725a54b"}
,"/home/igor/Desktop/TRYBE/projetos/FrontEnd/sd-027-b-project-starwars-planets-search/src/components/Table.jsx": {"path":"/home/igor/Desktop/TRYBE/projetos/FrontEnd/sd-027-b-project-starwars-planets-search/src/components/Table.jsx","statementMap":{"0":{"start":{"line":22,"column":6},"end":{"line":22,"column":32}},"1":{"start":{"line":24,"column":22},"end":{"line":30,"column":3}},"2":{"start":{"line":32,"column":2},"end":{"line":153,"column":4}},"3":{"start":{"line":42,"column":32},"end":{"line":42,"column":73}},"4":{"start":{"line":53,"column":30},"end":{"line":53,"column":82}},"5":{"start":{"line":57,"column":16},"end":{"line":59,"column":25}},"6":{"start":{"line":71,"column":30},"end":{"line":71,"column":85}},"7":{"start":{"line":85,"column":30},"end":{"line":85,"column":81}},"8":{"start":{"line":92,"column":12},"end":{"line":92,"column":55}},"9":{"start":{"line":93,"column":12},"end":{"line":93,"column":83}},"10":{"start":{"line":93,"column":58},"end":{"line":93,"column":80}},"11":{"start":{"line":94,"column":12},"end":{"line":97,"column":15}},"12":{"start":{"line":105,"column":12},"end":{"line":105,"column":57}},"13":{"start":{"line":110,"column":14},"end":{"line":112,"column":23}},"14":{"start":{"line":124,"column":14},"end":{"line":124,"column":57}},"15":{"start":{"line":137,"column":14},"end":{"line":137,"column":57}},"16":{"start":{"line":145,"column":26},"end":{"line":145,"column":45}}},"fnMap":{"0":{"name":"Table","decl":{"start":{"line":8,"column":24},"end":{"line":8,"column":29}},"loc":{"start":{"line":8,"column":32},"end":{"line":154,"column":1}},"line":8},"1":{"name":"(anonymous_1)","decl":{"start":{"line":42,"column":21},"end":{"line":42,"column":22}},"loc":{"start":{"line":42,"column":32},"end":{"line":42,"column":73}},"line":42},"2":{"name":"(anonymous_2)","decl":{"start":{"line":53,"column":23},"end":{"line":53,"column":24}},"loc":{"start":{"line":53,"column":30},"end":{"line":53,"column":82}},"line":53},"3":{"name":"(anonymous_3)","decl":{"start":{"line":56,"column":55},"end":{"line":56,"column":56}},"loc":{"start":{"line":57,"column":16},"end":{"line":59,"column":25}},"line":57},"4":{"name":"(anonymous_4)","decl":{"start":{"line":71,"column":23},"end":{"line":71,"column":24}},"loc":{"start":{"line":71,"column":30},"end":{"line":71,"column":85}},"line":71},"5":{"name":"(anonymous_5)","decl":{"start":{"line":85,"column":23},"end":{"line":85,"column":24}},"loc":{"start":{"line":85,"column":30},"end":{"line":85,"column":81}},"line":85},"6":{"name":"(anonymous_6)","decl":{"start":{"line":91,"column":20},"end":{"line":91,"column":21}},"loc":{"start":{"line":91,"column":26},"end":{"line":98,"column":11}},"line":91},"7":{"name":"(anonymous_7)","decl":{"start":{"line":93,"column":50},"end":{"line":93,"column":51}},"loc":{"start":{"line":93,"column":58},"end":{"line":93,"column":80}},"line":93},"8":{"name":"(anonymous_8)","decl":{"start":{"line":104,"column":21},"end":{"line":104,"column":22}},"loc":{"start":{"line":104,"column":37},"end":{"line":106,"column":11}},"line":104},"9":{"name":"(anonymous_9)","decl":{"start":{"line":109,"column":28},"end":{"line":109,"column":29}},"loc":{"start":{"line":110,"column":14},"end":{"line":112,"column":23}},"line":110},"10":{"name":"(anonymous_10)","decl":{"start":{"line":123,"column":23},"end":{"line":123,"column":24}},"loc":{"start":{"line":123,"column":39},"end":{"line":125,"column":13}},"line":123},"11":{"name":"(anonymous_11)","decl":{"start":{"line":136,"column":23},"end":{"line":136,"column":24}},"loc":{"start":{"line":136,"column":39},"end":{"line":138,"column":13}},"line":136},"12":{"name":"(anonymous_12)","decl":{"start":{"line":145,"column":20},"end":{"line":145,"column":21}},"loc":{"start":{"line":145,"column":26},"end":{"line":145,"column":45}},"line":145}},"branchMap":{},"s":{"0":47,"1":47,"2":47,"3":4,"4":3,"5":232,"6":3,"7":3,"8":3,"9":3,"10":15,"11":3,"12":0,"13":235,"14":0,"15":0,"16":0},"f":{"0":47,"1":4,"2":3,"3":232,"4":3,"5":3,"6":3,"7":15,"8":0,"9":235,"10":0,"11":0,"12":0},"b":{},"_coverageSchema":"1a1c01bbd47fc00a2c39e90264f33305004495a9","hash":"378124af28dce39385cb10792fb548fdeac9a102"}
,"/home/igor/Desktop/TRYBE/projetos/FrontEnd/sd-027-b-project-starwars-planets-search/src/components/TablePlanets.jsx": {"path":"/home/igor/Desktop/TRYBE/projetos/FrontEnd/sd-027-b-project-starwars-planets-search/src/components/TablePlanets.jsx","statementMap":{"0":{"start":{"line":8,"column":6},"end":{"line":8,"column":32}},"1":{"start":{"line":10,"column":2},"end":{"line":41,"column":4}},"2":{"start":{"line":16,"column":14},"end":{"line":16,"column":82}},"3":{"start":{"line":24,"column":12},"end":{"line":37,"column":17}}},"fnMap":{"0":{"name":"TablePlanets","decl":{"start":{"line":4,"column":24},"end":{"line":4,"column":36}},"loc":{"start":{"line":4,"column":39},"end":{"line":42,"column":1}},"line":4},"1":{"name":"(anonymous_1)","decl":{"start":{"line":15,"column":54},"end":{"line":15,"column":55}},"loc":{"start":{"line":16,"column":14},"end":{"line":16,"column":82}},"line":16},"2":{"name":"(anonymous_2)","decl":{"start":{"line":23,"column":15},"end":{"line":23,"column":16}},"loc":{"start":{"line":24,"column":12},"end":{"line":37,"column":17}},"line":24}},"branchMap":{"0":{"loc":{"start":{"line":15,"column":12},"end":{"line":17,"column":14}},"type":"binary-expr","locations":[{"start":{"line":15,"column":12},"end":{"line":15,"column":22}},{"start":{"line":15,"column":26},"end":{"line":17,"column":14}}],"line":15}},"s":{"0":47,"1":47,"2":364,"3":250},"f":{"0":47,"1":364,"2":250},"b":{"0":[47,28]},"_coverageSchema":"1a1c01bbd47fc00a2c39e90264f33305004495a9","hash":"0846953505570962ab594c317e6b835d461dbaef"}
,"/home/igor/Desktop/TRYBE/projetos/FrontEnd/sd-027-b-project-starwars-planets-search/src/context/PlanetsProvider.jsx": {"path":"/home/igor/Desktop/TRYBE/projetos/FrontEnd/sd-027-b-project-starwars-planets-search/src/context/PlanetsProvider.jsx","statementMap":{"0":{"start":{"line":6,"column":32},"end":{"line":6,"column":44}},"1":{"start":{"line":7,"column":40},"end":{"line":7,"column":52}},"2":{"start":{"line":8,"column":40},"end":{"line":8,"column":52}},"3":{"start":{"line":10,"column":17},"end":{"line":17,"column":3}},"4":{"start":{"line":11,"column":16},"end":{"line":11,"column":47}},"5":{"start":{"line":12,"column":21},"end":{"line":12,"column":37}},"6":{"start":{"line":13,"column":17},"end":{"line":13,"column":38}},"7":{"start":{"line":14,"column":24},"end":{"line":14,"column":28}},"8":{"start":{"line":15,"column":4},"end":{"line":15,"column":53}},"9":{"start":{"line":15,"column":28},"end":{"line":15,"column":51}},"10":{"start":{"line":16,"column":4},"end":{"line":16,"column":24}},"11":{"start":{"line":19,"column":2},"end":{"line":21,"column":9}},"12":{"start":{"line":20,"column":4},"end":{"line":20,"column":13}},"13":{"start":{"line":23,"column":34},"end":{"line":27,"column":4}},"14":{"start":{"line":29,"column":44},"end":{"line":35,"column":4}},"15":{"start":{"line":38,"column":28},"end":{"line":41,"column":4}},"16":{"start":{"line":43,"column":36},"end":{"line":43,"column":48}},"17":{"start":{"line":46,"column":23},"end":{"line":66,"column":3}},"18":{"start":{"line":47,"column":25},"end":{"line":49,"column":6}},"19":{"start":{"line":48,"column":6},"end":{"line":48,"column":63}},"20":{"start":{"line":50,"column":36},"end":{"line":64,"column":6}},"21":{"start":{"line":51,"column":28},"end":{"line":62,"column":8}},"22":{"start":{"line":52,"column":8},"end":{"line":61,"column":9}},"23":{"start":{"line":54,"column":10},"end":{"line":54,"column":58}},"24":{"start":{"line":56,"column":10},"end":{"line":56,"column":58}},"25":{"start":{"line":58,"column":10},"end":{"line":58,"column":58}},"26":{"start":{"line":60,"column":10},"end":{"line":60,"column":22}},"27":{"start":{"line":63,"column":6},"end":{"line":63,"column":45}},"28":{"start":{"line":63,"column":41},"end":{"line":63,"column":43}},"29":{"start":{"line":65,"column":4},"end":{"line":65,"column":35}},"30":{"start":{"line":69,"column":25},"end":{"line":69,"column":82}},"31":{"start":{"line":69,"column":36},"end":{"line":69,"column":82}},"32":{"start":{"line":69,"column":62},"end":{"line":69,"column":81}},"33":{"start":{"line":71,"column":17},"end":{"line":71,"column":18}},"34":{"start":{"line":73,"column":22},"end":{"line":87,"column":3}},"35":{"start":{"line":74,"column":29},"end":{"line":74,"column":38}},"36":{"start":{"line":76,"column":4},"end":{"line":78,"column":5}},"37":{"start":{"line":77,"column":6},"end":{"line":77,"column":28}},"38":{"start":{"line":80,"column":20},"end":{"line":84,"column":5}},"39":{"start":{"line":81,"column":6},"end":{"line":81,"column":49}},"40":{"start":{"line":81,"column":35},"end":{"line":81,"column":49}},"41":{"start":{"line":82,"column":6},"end":{"line":82,"column":50}},"42":{"start":{"line":82,"column":35},"end":{"line":82,"column":50}},"43":{"start":{"line":83,"column":6},"end":{"line":83,"column":87}},"44":{"start":{"line":86,"column":4},"end":{"line":86,"column":40}},"45":{"start":{"line":89,"column":21},"end":{"line":126,"column":3}},"46":{"start":{"line":90,"column":11},"end":{"line":107,"column":5}},"47":{"start":{"line":128,"column":2},"end":{"line":132,"column":4}},"48":{"start":{"line":135,"column":0},"end":{"line":135,"column":68}}},"fnMap":{"0":{"name":"PlanetsProvider","decl":{"start":{"line":5,"column":24},"end":{"line":5,"column":39}},"loc":{"start":{"line":5,"column":54},"end":{"line":133,"column":1}},"line":5},"1":{"name":"(anonymous_1)","decl":{"start":{"line":10,"column":17},"end":{"line":10,"column":18}},"loc":{"start":{"line":10,"column":29},"end":{"line":17,"column":3}},"line":10},"2":{"name":"(anonymous_2)","decl":{"start":{"line":15,"column":16},"end":{"line":15,"column":17}},"loc":{"start":{"line":15,"column":28},"end":{"line":15,"column":51}},"line":15},"3":{"name":"(anonymous_3)","decl":{"start":{"line":19,"column":12},"end":{"line":19,"column":13}},"loc":{"start":{"line":19,"column":18},"end":{"line":21,"column":3}},"line":19},"4":{"name":"(anonymous_4)","decl":{"start":{"line":46,"column":23},"end":{"line":46,"column":24}},"loc":{"start":{"line":46,"column":29},"end":{"line":66,"column":3}},"line":46},"5":{"name":"(anonymous_5)","decl":{"start":{"line":47,"column":40},"end":{"line":47,"column":41}},"loc":{"start":{"line":48,"column":6},"end":{"line":48,"column":63}},"line":48},"6":{"name":"(anonymous_6)","decl":{"start":{"line":50,"column":56},"end":{"line":50,"column":57}},"loc":{"start":{"line":50,"column":68},"end":{"line":64,"column":5}},"line":50},"7":{"name":"(anonymous_7)","decl":{"start":{"line":51,"column":44},"end":{"line":51,"column":45}},"loc":{"start":{"line":51,"column":78},"end":{"line":62,"column":7}},"line":51},"8":{"name":"(anonymous_8)","decl":{"start":{"line":63,"column":33},"end":{"line":63,"column":34}},"loc":{"start":{"line":63,"column":41},"end":{"line":63,"column":43}},"line":63},"9":{"name":"(anonymous_9)","decl":{"start":{"line":69,"column":25},"end":{"line":69,"column":26}},"loc":{"start":{"line":69,"column":36},"end":{"line":69,"column":82}},"line":69},"10":{"name":"(anonymous_10)","decl":{"start":{"line":69,"column":54},"end":{"line":69,"column":55}},"loc":{"start":{"line":69,"column":62},"end":{"line":69,"column":81}},"line":69},"11":{"name":"(anonymous_11)","decl":{"start":{"line":73,"column":22},"end":{"line":73,"column":23}},"loc":{"start":{"line":73,"column":28},"end":{"line":87,"column":3}},"line":73},"12":{"name":"(anonymous_12)","decl":{"start":{"line":80,"column":20},"end":{"line":80,"column":21}},"loc":{"start":{"line":80,"column":30},"end":{"line":84,"column":5}},"line":80},"13":{"name":"(anonymous_13)","decl":{"start":{"line":90,"column":4},"end":{"line":90,"column":5}},"loc":{"start":{"line":90,"column":11},"end":{"line":107,"column":5}},"line":90}},"branchMap":{"0":{"loc":{"start":{"line":52,"column":8},"end":{"line":61,"column":9}},"type":"switch","locations":[{"start":{"line":53,"column":8},"end":{"line":54,"column":58}},{"start":{"line":55,"column":8},"end":{"line":56,"column":58}},{"start":{"line":57,"column":8},"end":{"line":58,"column":58}},{"start":{"line":59,"column":8},"end":{"line":60,"column":22}}],"line":52},"1":{"loc":{"start":{"line":76,"column":4},"end":{"line":78,"column":5}},"type":"if","locations":[{"start":{"line":76,"column":4},"end":{"line":78,"column":5}},{"start":{},"end":{}}],"line":76},"2":{"loc":{"start":{"line":81,"column":6},"end":{"line":81,"column":49}},"type":"if","locations":[{"start":{"line":81,"column":6},"end":{"line":81,"column":49}},{"start":{},"end":{}}],"line":81},"3":{"loc":{"start":{"line":82,"column":6},"end":{"line":82,"column":50}},"type":"if","locations":[{"start":{"line":82,"column":6},"end":{"line":82,"column":50}},{"start":{},"end":{}}],"line":82},"4":{"loc":{"start":{"line":83,"column":14},"end":{"line":83,"column":76}},"type":"cond-expr","locations":[{"start":{"line":83,"column":31},"end":{"line":83,"column":52}},{"start":{"line":83,"column":55},"end":{"line":83,"column":76}}],"line":83}},"s":{"0":47,"1":47,"2":47,"3":47,"4":19,"5":19,"6":19,"7":19,"8":19,"9":190,"10":19,"11":47,"12":19,"13":47,"14":47,"15":47,"16":47,"17":47,"18":47,"19":280,"20":47,"21":266,"22":30,"23":10,"24":10,"25":10,"26":0,"27":266,"28":30,"29":47,"30":47,"31":232,"32":12,"33":47,"34":47,"35":47,"36":47,"37":47,"38":0,"39":0,"40":0,"41":0,"42":0,"43":0,"44":0,"45":47,"46":47,"47":47,"48":1},"f":{"0":47,"1":19,"2":190,"3":19,"4":47,"5":280,"6":266,"7":30,"8":30,"9":232,"10":12,"11":47,"12":0,"13":47},"b":{"0":[10,10,10,0],"1":[47,0],"2":[0,0],"3":[0,0],"4":[0,0]},"_coverageSchema":"1a1c01bbd47fc00a2c39e90264f33305004495a9","hash":"95a92ac182057932d4b9aa46b6c8bfb8e63d6b31"}
,"/home/igor/Desktop/TRYBE/projetos/FrontEnd/sd-027-b-project-starwars-planets-search/src/context/planetsContext.jsx": {"path":"/home/igor/Desktop/TRYBE/projetos/FrontEnd/sd-027-b-project-starwars-planets-search/src/context/planetsContext.jsx","statementMap":{"0":{"start":{"line":3,"column":23},"end":{"line":3,"column":38}}},"fnMap":{},"branchMap":{},"s":{"0":1},"f":{},"b":{},"_coverageSchema":"1a1c01bbd47fc00a2c39e90264f33305004495a9","hash":"36e33f0e75fb17eae493e75fe9409cab25925bdc"}
,"/home/igor/Desktop/TRYBE/projetos/FrontEnd/sd-027-b-project-starwars-planets-search/src/tests/mockData.js": {"path":"/home/igor/Desktop/TRYBE/projetos/FrontEnd/sd-027-b-project-starwars-planets-search/src/tests/mockData.js","statementMap":{"0":{"start":{"line":1,"column":17},"end":{"line":180,"column":1}}},"fnMap":{},"branchMap":{},"s":{"0":1},"f":{},"b":{},"_coverageSchema":"1a1c01bbd47fc00a2c39e90264f33305004495a9","hash":"f56d149ceb4d0e59efc5a81cbdee9b6889553503"}
}
