{"total": {"lines":{"total":76,"covered":61,"skipped":0,"pct":80.26},"statements":{"total":83,"covered":66,"skipped":0,"pct":79.51},"functions":{"total":35,"covered":28,"skipped":0,"pct":80},"branches":{"total":14,"covered":6,"skipped":0,"pct":42.85},"branchesTrue":{"total":0,"covered":0,"skipped":0,"pct":100}}
,"/home/igor/Desktop/TRYBE/projetos/FrontEnd/sd-027-b-project-starwars-planets-search/src/App.css": {"lines":{"total":1,"covered":1,"skipped":0,"pct":100},"functions":{"total":0,"covered":0,"skipped":0,"pct":100},"statements":{"total":1,"covered":1,"skipped":0,"pct":100},"branches":{"total":0,"covered":0,"skipped":0,"pct":100}}
,"/home/igor/Desktop/TRYBE/projetos/FrontEnd/sd-027-b-project-starwars-planets-search/src/App.js": {"lines":{"total":1,"covered":1,"skipped":0,"pct":100},"functions":{"total":1,"covered":1,"skipped":0,"pct":100},"statements":{"total":1,"covered":1,"skipped":0,"pct":100},"branches":{"total":0,"covered":0,"skipped":0,"pct":100}}
,"/home/igor/Desktop/TRYBE/projetos/FrontEnd/sd-027-b-project-starwars-planets-search/src/components/FilteredRefs.jsx": {"lines":{"total":8,"covered":3,"skipped":0,"pct":37.5},"functions":{"total":4,"covered":2,"skipped":0,"pct":50},"statements":{"total":8,"covered":3,"skipped":0,"pct":37.5},"branches":{"total":0,"covered":0,"skipped":0,"pct":100}}
,"/home/igor/Desktop/TRYBE/projetos/FrontEnd/sd-027-b-project-starwars-planets-search/src/components/Table.css": {"lines":{"total":1,"covered":1,"skipped":0,"pct":100},"functions":{"total":0,"covered":0,"skipped":0,"pct":100},"statements":{"total":1,"covered":1,"skipped":0,"pct":100},"branches":{"total":0,"covered":0,"skipped":0,"pct":100}}
,"/home/igor/Desktop/TRYBE/projetos/FrontEnd/sd-027-b-project-starwars-planets-search/src/components/Table.jsx": {"lines":{"total":16,"covered":12,"skipped":0,"pct":75},"functions":{"total":13,"covered":9,"skipped":0,"pct":69.23},"statements":{"total":17,"covered":13,"skipped":0,"pct":76.47},"branches":{"total":0,"covered":0,"skipped":0,"pct":100}}
,"/home/igor/Desktop/TRYBE/projetos/FrontEnd/sd-027-b-project-starwars-planets-search/src/components/TablePlanets.jsx": {"lines":{"total":4,"covered":4,"skipped":0,"pct":100},"functions":{"total":3,"covered":3,"skipped":0,"pct":100},"statements":{"total":4,"covered":4,"skipped":0,"pct":100},"branches":{"total":2,"covered":2,"skipped":0,"pct":100}}
,"/home/igor/Desktop/TRYBE/projetos/FrontEnd/sd-027-b-project-starwars-planets-search/src/context/PlanetsProvider.jsx": {"lines":{"total":43,"covered":37,"skipped":0,"pct":86.04},"functions":{"total":14,"covered":13,"skipped":0,"pct":92.85},"statements":{"total":49,"covered":41,"skipped":0,"pct":83.67},"branches":{"total":12,"covered":4,"skipped":0,"pct":33.33}}
,"/home/igor/Desktop/TRYBE/projetos/FrontEnd/sd-027-b-project-starwars-planets-search/src/context/planetsContext.jsx": {"lines":{"total":1,"covered":1,"skipped":0,"pct":100},"functions":{"total":0,"covered":0,"skipped":0,"pct":100},"statements":{"total":1,"covered":1,"skipped":0,"pct":100},"branches":{"total":0,"covered":0,"skipped":0,"pct":100}}
,"/home/igor/Desktop/TRYBE/projetos/FrontEnd/sd-027-b-project-starwars-planets-search/src/tests/mockData.js": {"lines":{"total":1,"covered":1,"skipped":0,"pct":100},"functions":{"total":0,"covered":0,"skipped":0,"pct":100},"statements":{"total":1,"covered":1,"skipped":0,"pct":100},"branches":{"total":0,"covered":0,"skipped":0,"pct":100}}
}
