TN:
SF:src/App.css
FNF:0
FNH:0
DA:1,1
LF:1
LH:1
BRF:0
BRH:0
end_of_record
TN:
SF:src/App.js
FN:6,App
FNF:1
FNH:1
FNDA:20,App
DA:7,20
LF:1
LH:1
BRF:0
BRH:0
end_of_record
TN:
SF:src/components/FilteredRefs.jsx
FN:4,FilteredRefs
FN:14,(anonymous_1)
FN:28,(anonymous_2)
FN:44,(anonymous_3)
FNF:4
FNH:2
FNDA:47,FilteredRefs
FNDA:3,(anonymous_1)
FNDA:0,(anonymous_2)
FNDA:0,(anonymous_3)
DA:9,47
DA:11,47
DA:15,3
DA:29,0
DA:30,0
DA:31,0
DA:45,0
DA:46,0
LF:8
LH:3
BRF:0
BRH:0
end_of_record
TN:
SF:src/components/Table.css
FNF:0
FNH:0
DA:1,1
LF:1
LH:1
BRF:0
BRH:0
end_of_record
TN:
SF:src/components/Table.jsx
FN:8,Table
FN:42,(anonymous_1)
FN:53,(anonymous_2)
FN:56,(anonymous_3)
FN:71,(anonymous_4)
FN:85,(anonymous_5)
FN:91,(anonymous_6)
FN:93,(anonymous_7)
FN:104,(anonymous_8)
FN:109,(anonymous_9)
FN:123,(anonymous_10)
FN:136,(anonymous_11)
FN:145,(anonymous_12)
FNF:13
FNH:9
FNDA:47,Table
FNDA:4,(anonymous_1)
FNDA:3,(anonymous_2)
FNDA:232,(anonymous_3)
FNDA:3,(anonymous_4)
FNDA:3,(anonymous_5)
FNDA:3,(anonymous_6)
FNDA:15,(anonymous_7)
FNDA:0,(anonymous_8)
FNDA:235,(anonymous_9)
FNDA:0,(anonymous_10)
FNDA:0,(anonymous_11)
FNDA:0,(anonymous_12)
DA:22,47
DA:24,47
DA:32,47
DA:42,4
DA:53,3
DA:57,232
DA:71,3
DA:85,3
DA:92,3
DA:93,15
DA:94,3
DA:105,0
DA:110,235
DA:124,0
DA:137,0
DA:145,0
LF:16
LH:12
BRF:0
BRH:0
end_of_record
TN:
SF:src/components/TablePlanets.jsx
FN:4,TablePlanets
FN:15,(anonymous_1)
FN:23,(anonymous_2)
FNF:3
FNH:3
FNDA:47,TablePlanets
FNDA:364,(anonymous_1)
FNDA:250,(anonymous_2)
DA:8,47
DA:10,47
DA:16,364
DA:24,250
LF:4
LH:4
BRDA:15,0,0,47
BRDA:15,0,1,28
BRF:2
BRH:2
end_of_record
TN:
SF:src/context/PlanetsProvider.jsx
FN:5,PlanetsProvider
FN:10,(anonymous_1)
FN:15,(anonymous_2)
FN:19,(anonymous_3)
FN:46,(anonymous_4)
FN:47,(anonymous_5)
FN:50,(anonymous_6)
FN:51,(anonymous_7)
FN:63,(anonymous_8)
FN:69,(anonymous_9)
FN:69,(anonymous_10)
FN:73,(anonymous_11)
FN:80,(anonymous_12)
FN:90,(anonymous_13)
FNF:14
FNH:13
FNDA:47,PlanetsProvider
FNDA:19,(anonymous_1)
FNDA:190,(anonymous_2)
FNDA:19,(anonymous_3)
FNDA:47,(anonymous_4)
FNDA:280,(anonymous_5)
FNDA:266,(anonymous_6)
FNDA:30,(anonymous_7)
FNDA:30,(anonymous_8)
FNDA:232,(anonymous_9)
FNDA:12,(anonymous_10)
FNDA:47,(anonymous_11)
FNDA:0,(anonymous_12)
FNDA:47,(anonymous_13)
DA:6,47
DA:7,47
DA:8,47
DA:10,47
DA:11,19
DA:12,19
DA:13,19
DA:14,19
DA:15,190
DA:16,19
DA:19,47
DA:20,19
DA:23,47
DA:29,47
DA:38,47
DA:43,47
DA:46,47
DA:47,47
DA:48,280
DA:50,47
DA:51,266
DA:52,30
DA:54,10
DA:56,10
DA:58,10
DA:60,0
DA:63,266
DA:65,47
DA:69,232
DA:71,47
DA:73,47
DA:74,47
DA:76,47
DA:77,47
DA:80,0
DA:81,0
DA:82,0
DA:83,0
DA:86,0
DA:89,47
DA:90,47
DA:128,47
DA:135,1
LF:43
LH:37
BRDA:52,0,0,10
BRDA:52,0,1,10
BRDA:52,0,2,10
BRDA:52,0,3,0
BRDA:76,1,0,47
BRDA:76,1,1,0
BRDA:81,2,0,0
BRDA:81,2,1,0
BRDA:82,3,0,0
BRDA:82,3,1,0
BRDA:83,4,0,0
BRDA:83,4,1,0
BRF:12
BRH:4
end_of_record
TN:
SF:src/context/planetsContext.jsx
FNF:0
FNH:0
DA:3,1
LF:1
LH:1
BRF:0
BRH:0
end_of_record
TN:
SF:src/tests/mockData.js
FNF:0
FNH:0
DA:1,1
LF:1
LH:1
BRF:0
BRH:0
end_of_record
